<?xml version="1.0" encoding="UTF-8"?>
<!-- Generated by org.testng.reporters.JUnitXMLReporter -->
<testsuite ignored="0" hostname="DESKTOP-SGL5ETC" failures="0" tests="6" name="Surefire test" time="24.594" errors="0" timestamp="17 июн. 2022 19:48:10 GMT">
  <testcase classname="LoginPageTest" name="clickToCreatLink" time="1.626"/>
  <testcase classname="LoginPageTest" name="clickToLogo" time="0.477"/>
  <testcase classname="LoginPageTest" name="loginTest" time="0.599"/>
  <testcase classname="TestMainPage" name="clickSignInButton" time="5.96"/>
  <testcase classname="TestMainPage" name="clickSignUpButton" time="7.235"/>
  <testcase classname="TestMainPage" name="clickToLogo" time="4.822"/>
</testsuite> <!-- Surefire test -->
